<?xml version="1.0" encoding="UTF-8"?>
<testng-results ignored="0" total="1" passed="1" failed="0" skipped="0">
  <reporter-output>
  </reporter-output>
  <suite started-at="2025-04-11T18:28:40 IST" name="Default suite" finished-at="2025-04-11T18:28:45 IST" duration-ms="5080">
    <groups>
    </groups>
    <test started-at="2025-04-11T18:28:40 IST" name="Default test" finished-at="2025-04-11T18:28:45 IST" duration-ms="5080">
      <class name="ScreenShotTest.LoginTest">
        <test-method signature="LoginTests()[pri:0, instance:ScreenShotTest.LoginTest@f1da57d]" started-at="2025-04-11T18:28:40 IST" name="LoginTests" finished-at="2025-04-11T18:28:45 IST" duration-ms="5011" status="PASS">
          <reporter-output>
          </reporter-output>
        </test-method> <!-- LoginTests -->
      </class> <!-- ScreenShotTest.LoginTest -->
    </test> <!-- Default test -->
  </suite> <!-- Default suite -->
</testng-results>
