<?xml version="1.0" encoding="UTF-8"?>
<!-- Generated by org.testng.reporters.JUnitXMLReporter -->
<testsuite ignored="0" hostname="LAPTOP-S4TC4KCE" failures="0" tests="3" name="Default test" time="3.689" errors="0" timestamp="2025-01-08T12:29:58 IST">
  <testcase classname="TestPackage.Addbook" name="AddBookToLib" time="2.314"/>
  <testcase classname="TestPackage.Addbook" name="AddBookToLib" time="1.149"/>
  <testcase classname="TestPackage.Addbook" name="AddBookToLib" time="0.154"/>
</testsuite> <!-- Default test -->
