<?xml version="1.0" encoding="UTF-8"?>
<!-- Generated by org.testng.reporters.JUnitXMLReporter -->
<testsuite ignored="1" hostname="LAPTOP-S4TC4KCE" failures="0" tests="2" name="Test" time="5.946" errors="0" timestamp="2024-08-27T14:14:01 IST">
  <testcase classname="SeleniumPackage.TestNgClass" name="MainTest" time="1.333"/>
  <testcase classname="TestNGTests.ScreenerTest" name="LoginTest" time="1.367"/>
  <testcase classname="TestNGTests.ScreenerTest" name="HomepageTest" time="0.0">
    <ignored/>
  </testcase> <!-- HomepageTest -->
</testsuite> <!-- Test -->
